<?xml version="1.0" encoding="UTF-8"?>
<testng-results skipped="0" failed="0" total="2" passed="2">
	<reporter-output>
	</reporter-output>
	<suite name="Default suite" duration-ms="115" started-at="2016-10-13T19:24:05Z"
		finished-at="2016-10-13T19:24:06Z">
		<groups>
		</groups>
		<test name="Default test" duration-ms="115" started-at="2016-10-13T19:24:05Z"
			finished-at="2016-10-13T19:24:06Z">
			<class name="es.upo.cal.EntregaEPD02.ListImplementation">
				<test-method status="PASS"
					signature="TestInteger()[pri:0, instance:es.upo.cal.EntregaEPD02.ListImplementation@c7a4e4]"
					name="TestInteger" duration-ms="31" started-at="2016-10-13T21:24:06Z"
					finished-at="2016-10-13T21:24:06Z">
					<reporter-output>
					</reporter-output>
				</test-method> <!-- TestInteger -->
				<test-method status="PASS"
					signature="TestString()[pri:0, instance:es.upo.cal.EntregaEPD02.ListImplementation@c7a4e4]"
					name="TestString" duration-ms="0" started-at="2016-10-13T21:24:06Z"
					finished-at="2016-10-13T21:24:06Z">
					<reporter-output>
					</reporter-output>
				</test-method> <!-- TestString -->
			</class> <!-- es.upo.cal.EntregaEPD02.ListImplementation -->
		</test> <!-- Default test -->
	</suite> <!-- Default suite -->
</testng-results>
